<?xml version="1.0" encoding="UTF-8"?>
<testng-results ignored="0" total="1" passed="1" failed="0" skipped="0">
  <reporter-output>
  </reporter-output>
  <suite started-at="2021-07-27T12:45:19 EDT" name="Default suite" finished-at="2021-07-27T12:46:28 EDT" duration-ms="69129">
    <groups>
    </groups>
    <test started-at="2021-07-27T12:45:19 EDT" name="Default test" finished-at="2021-07-27T12:46:28 EDT" duration-ms="69129">
      <class name="com.bayada.testcases.FormNEIR_PageTest">
        <test-method is-config="true" signature="seTup()[pri:0, instance:com.bayada.testcases.FormNEIR_PageTest@366647c2]" started-at="2021-07-27T12:45:19 EDT" name="seTup" finished-at="2021-07-27T12:45:23 EDT" duration-ms="4390" status="PASS">
          <reporter-output>
          </reporter-output>
        </test-method> <!-- seTup -->
        <test-method signature="formTest()[pri:0, instance:com.bayada.testcases.FormNEIR_PageTest@366647c2]" started-at="2021-07-27T12:45:23 EDT" name="formTest" finished-at="2021-07-27T12:46:28 EDT" duration-ms="64651" status="PASS">
          <reporter-output>
          </reporter-output>
        </test-method> <!-- formTest -->
        <test-method is-config="true" signature="tearDown()[pri:0, instance:com.bayada.testcases.FormNEIR_PageTest@366647c2]" started-at="2021-07-27T12:46:28 EDT" name="tearDown" finished-at="2021-07-27T12:46:28 EDT" duration-ms="4" status="PASS">
          <reporter-output>
          </reporter-output>
        </test-method> <!-- tearDown -->
      </class> <!-- com.bayada.testcases.FormNEIR_PageTest -->
    </test> <!-- Default test -->
  </suite> <!-- Default suite -->
</testng-results>
